<?xml version="1.0" encoding="UTF-8"?>
<testng-results ignored="0" total="1" passed="1" failed="0" skipped="0">
  <reporter-output>
  </reporter-output>
  <suite started-at="2023-01-06T14:38:47 IST" name="Default suite" finished-at="2023-01-06T14:38:53 IST" duration-ms="5952">
    <groups>
    </groups>
    <test started-at="2023-01-06T14:38:47 IST" name="Default test" finished-at="2023-01-06T14:38:53 IST" duration-ms="5952">
      <class name="selenium1.Login01">
        <test-method is-config="true" signature="setup()[pri:0, instance:selenium1.Login01@316bcf94]" started-at="2023-01-06T14:38:47 IST" name="setup" finished-at="2023-01-06T14:38:49 IST" duration-ms="1848" status="PASS">
          <reporter-output>
          </reporter-output>
        </test-method> <!-- setup -->
        <test-method signature="Login()[pri:0, instance:selenium1.Login01@316bcf94]" started-at="2023-01-06T14:38:49 IST" name="Login" finished-at="2023-01-06T14:38:53 IST" duration-ms="3899" status="PASS">
          <reporter-output>
          </reporter-output>
        </test-method> <!-- Login -->
        <test-method is-config="true" signature="tearDown()[pri:0, instance:selenium1.Login01@316bcf94]" started-at="2023-01-06T14:38:53 IST" name="tearDown" finished-at="2023-01-06T14:38:53 IST" duration-ms="179" status="PASS">
          <reporter-output>
          </reporter-output>
        </test-method> <!-- tearDown -->
      </class> <!-- selenium1.Login01 -->
    </test> <!-- Default test -->
  </suite> <!-- Default suite -->
</testng-results>
